{"level":"info","message":"Loading Mongoose functionality","timestamp":"2017-12-07T00:08:01.191Z"}
{"level":"info","message":"loading models","timestamp":"2017-12-07T00:08:01.270Z"}
{"level":"info","message":"loading controllers","timestamp":"2017-12-07T00:08:01.352Z"}
{"level":"info","message":"Starting application","timestamp":"2017-12-07T00:08:01.921Z"}
{"level":"info","message":"Mongoose connected to the database","timestamp":"2017-12-07T00:08:02.019Z"}
{"level":"verbose","message":"Get todos ","timestamp":"2017-12-07T01:01:11.637Z"}
{"level":"verbose","message":"Get todos ","timestamp":"2017-12-07T01:02:40.129Z"}
{"level":"verbose","message":"Get todos ","timestamp":"2017-12-07T01:05:35.368Z"}
{"level":"verbose","message":"Get todos ","timestamp":"2017-12-07T01:07:57.226Z"}
{"level":"verbose","message":"Get todos ","timestamp":"2017-12-07T01:08:21.214Z"}
{"level":"verbose","message":"Get todos ","timestamp":"2017-12-07T01:08:56.812Z"}
{"level":"verbose","message":"Get todos ","timestamp":"2017-12-07T01:09:27.479Z"}
{"level":"verbose","message":"Get todos ","timestamp":"2017-12-07T01:10:13.109Z"}
{"level":"verbose","message":"Get todos ","timestamp":"2017-12-07T01:10:37.319Z"}
{"level":"verbose","message":"Get todos ","timestamp":"2017-12-07T01:21:29.559Z"}
{"level":"verbose","message":"Get todos ","timestamp":"2017-12-07T01:22:39.998Z"}
{"level":"verbose","message":"Get todos ","timestamp":"2017-12-07T01:24:49.084Z"}
{"level":"info","message":"Loading Mongoose functionality","timestamp":"2017-12-07T01:29:10.112Z"}
{"level":"info","message":"loading models","timestamp":"2017-12-07T01:29:10.182Z"}
{"level":"info","message":"loading controllers","timestamp":"2017-12-07T01:29:10.264Z"}
{"level":"info","message":"Starting application","timestamp":"2017-12-07T01:29:10.728Z"}
{"level":"info","message":"Mongoose connected to the database","timestamp":"2017-12-07T01:29:10.835Z"}
{"level":"verbose","message":"Create User","timestamp":"2017-12-07T01:29:22.654Z"}
{"level":"error","message":"ValidationError: ToDos validation failed: user: Path `user` is required., priority: `low` is not a valid enum value for path `priority`.\n    at MongooseError.ValidationError (c:\\Users\\Cody\\Fall 2017\\Bus Adm 531\\NODE APPS\\ToDo\\server\\node_modules\\mongoose\\lib\\error\\validation.js:28:11)\n    at model.Document.invalidate (c:\\Users\\Cody\\Fall 2017\\Bus Adm 531\\NODE APPS\\ToDo\\server\\node_modules\\mongoose\\lib\\document.js:1636:32)\n    at c:\\Users\\Cody\\Fall 2017\\Bus Adm 531\\NODE APPS\\ToDo\\server\\node_modules\\mongoose\\lib\\document.js:1508:17\n    at validate (c:\\Users\\Cody\\Fall 2017\\Bus Adm 531\\NODE APPS\\ToDo\\server\\node_modules\\mongoose\\lib\\schematype.js:779:7)\n    at c:\\Users\\Cody\\Fall 2017\\Bus Adm 531\\NODE APPS\\ToDo\\server\\node_modules\\mongoose\\lib\\schematype.js:824:11\n    at Array.forEach (native)\n    at ObjectId.SchemaType.doValidate (c:\\Users\\Cody\\Fall 2017\\Bus Adm 531\\NODE APPS\\ToDo\\server\\node_modules\\mongoose\\lib\\schematype.js:784:19)\n    at c:\\Users\\Cody\\Fall 2017\\Bus Adm 531\\NODE APPS\\ToDo\\server\\node_modules\\mongoose\\lib\\document.js:1506:9\n    at _combinedTickCallback (internal/process/next_tick.js:73:7)\n    at process._tickCallback (internal/process/next_tick.js:104:9)","timestamp":"2017-12-07T01:29:22.715Z"}
{"level":"verbose","message":"Get todos ","timestamp":"2017-12-07T01:30:24.114Z"}
{"level":"verbose","message":"Create User","timestamp":"2017-12-07T01:30:29.038Z"}
{"level":"error","message":"ValidationError: ToDos validation failed: priority: `low` is not a valid enum value for path `priority`.\n    at MongooseError.ValidationError (c:\\Users\\Cody\\Fall 2017\\Bus Adm 531\\NODE APPS\\ToDo\\server\\node_modules\\mongoose\\lib\\error\\validation.js:28:11)\n    at model.Document.invalidate (c:\\Users\\Cody\\Fall 2017\\Bus Adm 531\\NODE APPS\\ToDo\\server\\node_modules\\mongoose\\lib\\document.js:1636:32)\n    at c:\\Users\\Cody\\Fall 2017\\Bus Adm 531\\NODE APPS\\ToDo\\server\\node_modules\\mongoose\\lib\\document.js:1508:17\n    at validate (c:\\Users\\Cody\\Fall 2017\\Bus Adm 531\\NODE APPS\\ToDo\\server\\node_modules\\mongoose\\lib\\schematype.js:779:7)\n    at c:\\Users\\Cody\\Fall 2017\\Bus Adm 531\\NODE APPS\\ToDo\\server\\node_modules\\mongoose\\lib\\schematype.js:824:11\n    at Array.forEach (native)\n    at SchemaString.SchemaType.doValidate (c:\\Users\\Cody\\Fall 2017\\Bus Adm 531\\NODE APPS\\ToDo\\server\\node_modules\\mongoose\\lib\\schematype.js:784:19)\n    at c:\\Users\\Cody\\Fall 2017\\Bus Adm 531\\NODE APPS\\ToDo\\server\\node_modules\\mongoose\\lib\\document.js:1506:9\n    at _combinedTickCallback (internal/process/next_tick.js:73:7)\n    at process._tickCallback (internal/process/next_tick.js:104:9)","timestamp":"2017-12-07T01:30:29.055Z"}
{"level":"verbose","message":"Get todos ","timestamp":"2017-12-07T01:31:16.675Z"}
{"level":"verbose","message":"Create User","timestamp":"2017-12-07T01:31:28.817Z"}
{"level":"verbose","message":"Create User","timestamp":"2017-12-07T01:32:16.989Z"}
{"level":"verbose","message":"Create User","timestamp":"2017-12-07T01:41:42.317Z"}
{"level":"error","message":"ValidationError: ToDos validation failed: user: Path `user` is required.\n    at MongooseError.ValidationError (c:\\Users\\Cody\\Fall 2017\\Bus Adm 531\\NODE APPS\\ToDo\\server\\node_modules\\mongoose\\lib\\error\\validation.js:28:11)\n    at model.Document.invalidate (c:\\Users\\Cody\\Fall 2017\\Bus Adm 531\\NODE APPS\\ToDo\\server\\node_modules\\mongoose\\lib\\document.js:1636:32)\n    at c:\\Users\\Cody\\Fall 2017\\Bus Adm 531\\NODE APPS\\ToDo\\server\\node_modules\\mongoose\\lib\\document.js:1508:17\n    at validate (c:\\Users\\Cody\\Fall 2017\\Bus Adm 531\\NODE APPS\\ToDo\\server\\node_modules\\mongoose\\lib\\schematype.js:779:7)\n    at c:\\Users\\Cody\\Fall 2017\\Bus Adm 531\\NODE APPS\\ToDo\\server\\node_modules\\mongoose\\lib\\schematype.js:824:11\n    at Array.forEach (native)\n    at ObjectId.SchemaType.doValidate (c:\\Users\\Cody\\Fall 2017\\Bus Adm 531\\NODE APPS\\ToDo\\server\\node_modules\\mongoose\\lib\\schematype.js:784:19)\n    at c:\\Users\\Cody\\Fall 2017\\Bus Adm 531\\NODE APPS\\ToDo\\server\\node_modules\\mongoose\\lib\\document.js:1506:9\n    at _combinedTickCallback (internal/process/next_tick.js:73:7)\n    at process._tickCallback (internal/process/next_tick.js:104:9)","timestamp":"2017-12-07T01:41:42.334Z"}
{"level":"verbose","message":"Get todos ","timestamp":"2017-12-07T01:42:22.979Z"}
{"level":"verbose","message":"Create User","timestamp":"2017-12-07T01:42:39.661Z"}
{"level":"verbose","message":"Get todos ","timestamp":"2017-12-07T01:44:46.241Z"}
{"level":"verbose","message":"Create User","timestamp":"2017-12-07T01:45:08.185Z"}
{"level":"verbose","message":"Delete todos undefined","timestamp":"2017-12-07T01:45:14.835Z"}
{"level":"verbose","message":"Create User","timestamp":"2017-12-07T01:45:23.308Z"}
{"level":"verbose","message":"Create User","timestamp":"2017-12-07T01:45:33.480Z"}
{"level":"verbose","message":"Get todos ","timestamp":"2017-12-07T01:46:32.248Z"}
{"level":"verbose","message":"Create User","timestamp":"2017-12-07T01:46:42.696Z"}
{"level":"verbose","message":"Create User","timestamp":"2017-12-07T01:47:10.065Z"}
{"level":"verbose","message":"Upload file for todo 5a289d9e1b5c8605cc352d88 and 5a1f68a3480d1a1e6c4e67e2","timestamp":"2017-12-07T01:47:10.191Z"}
{"level":"error","message":"ReferenceError: Todo is not defined\n    at c:\\Users\\Cody\\Fall 2017\\Bus Adm 531\\NODE APPS\\ToDo\\server\\app\\controllers\\todos.js:118:13\n    at Layer.handle [as handle_request] (c:\\Users\\Cody\\Fall 2017\\Bus Adm 531\\NODE APPS\\ToDo\\server\\node_modules\\express\\lib\\router\\layer.js:95:5)\n    at next (c:\\Users\\Cody\\Fall 2017\\Bus Adm 531\\NODE APPS\\ToDo\\server\\node_modules\\express\\lib\\router\\route.js:137:13)\n    at Immediate.<anonymous> (c:\\Users\\Cody\\Fall 2017\\Bus Adm 531\\NODE APPS\\ToDo\\server\\node_modules\\multer\\lib\\make-middleware.js:53:37)\n    at runCallback (timers.js:676:20)\n    at tryOnImmediate (timers.js:645:5)\n    at processImmediate [as _immediateCallback] (timers.js:617:5)","timestamp":"2017-12-07T01:47:10.197Z"}
{"level":"verbose","message":"Get todos ","timestamp":"2017-12-07T01:47:26.339Z"}
{"level":"verbose","message":"Create User","timestamp":"2017-12-07T01:53:15.111Z"}
{"level":"verbose","message":"Delete todos undefined","timestamp":"2017-12-07T01:53:21.784Z"}
{"level":"verbose","message":"Create User","timestamp":"2017-12-07T01:53:54.119Z"}
{"level":"verbose","message":"Upload file for todo 5a289f321b5c8605cc352d8a and 5a1f68a3480d1a1e6c4e67e2","timestamp":"2017-12-07T01:53:54.222Z"}
{"level":"error","message":"ReferenceError: Todo is not defined\n    at c:\\Users\\Cody\\Fall 2017\\Bus Adm 531\\NODE APPS\\ToDo\\server\\app\\controllers\\todos.js:118:13\n    at Layer.handle [as handle_request] (c:\\Users\\Cody\\Fall 2017\\Bus Adm 531\\NODE APPS\\ToDo\\server\\node_modules\\express\\lib\\router\\layer.js:95:5)\n    at next (c:\\Users\\Cody\\Fall 2017\\Bus Adm 531\\NODE APPS\\ToDo\\server\\node_modules\\express\\lib\\router\\route.js:137:13)\n    at Immediate.<anonymous> (c:\\Users\\Cody\\Fall 2017\\Bus Adm 531\\NODE APPS\\ToDo\\server\\node_modules\\multer\\lib\\make-middleware.js:53:37)\n    at runCallback (timers.js:676:20)\n    at tryOnImmediate (timers.js:645:5)\n    at processImmediate [as _immediateCallback] (timers.js:617:5)","timestamp":"2017-12-07T01:53:54.244Z"}
{"level":"verbose","message":"Create User","timestamp":"2017-12-07T01:55:58.691Z"}
{"level":"verbose","message":"Create User","timestamp":"2017-12-07T01:57:14.050Z"}
{"level":"verbose","message":"Get todos ","timestamp":"2017-12-07T01:59:12.298Z"}
{"level":"verbose","message":"Get todos ","timestamp":"2017-12-07T01:59:18.170Z"}
{"level":"verbose","message":"Create User","timestamp":"2017-12-07T01:59:26.055Z"}
{"level":"verbose","message":"Delete todos undefined","timestamp":"2017-12-07T02:00:40.280Z"}
{"level":"verbose","message":"Create User","timestamp":"2017-12-07T02:00:48.477Z"}
{"level":"verbose","message":"Create User","timestamp":"2017-12-07T02:00:56.906Z"}
{"level":"verbose","message":"Delete todos undefined","timestamp":"2017-12-07T02:01:00.088Z"}
{"level":"verbose","message":"Get todos ","timestamp":"2017-12-07T02:01:22.954Z"}
{"level":"verbose","message":"Create User","timestamp":"2017-12-07T02:10:32.246Z"}
{"level":"verbose","message":"Upload file for todo 5a28a3181b5c8605cc352d90 and 5a1f68a3480d1a1e6c4e67e2","timestamp":"2017-12-07T02:10:32.354Z"}
{"level":"error","message":"ReferenceError: Todo is not defined\n    at c:\\Users\\Cody\\Fall 2017\\Bus Adm 531\\NODE APPS\\ToDo\\server\\app\\controllers\\todos.js:118:13\n    at Layer.handle [as handle_request] (c:\\Users\\Cody\\Fall 2017\\Bus Adm 531\\NODE APPS\\ToDo\\server\\node_modules\\express\\lib\\router\\layer.js:95:5)\n    at next (c:\\Users\\Cody\\Fall 2017\\Bus Adm 531\\NODE APPS\\ToDo\\server\\node_modules\\express\\lib\\router\\route.js:137:13)\n    at Immediate.<anonymous> (c:\\Users\\Cody\\Fall 2017\\Bus Adm 531\\NODE APPS\\ToDo\\server\\node_modules\\multer\\lib\\make-middleware.js:53:37)\n    at runCallback (timers.js:676:20)\n    at tryOnImmediate (timers.js:645:5)\n    at processImmediate [as _immediateCallback] (timers.js:617:5)","timestamp":"2017-12-07T02:10:32.359Z"}
{"level":"info","message":"Loading Mongoose functionality","timestamp":"2017-12-07T02:12:11.703Z"}
{"level":"info","message":"loading models","timestamp":"2017-12-07T02:12:11.765Z"}
{"level":"info","message":"loading controllers","timestamp":"2017-12-07T02:12:11.837Z"}
{"level":"info","message":"Starting application","timestamp":"2017-12-07T02:12:12.247Z"}
{"level":"info","message":"Mongoose connected to the database","timestamp":"2017-12-07T02:12:12.341Z"}
{"level":"verbose","message":"Create User","timestamp":"2017-12-07T02:12:24.716Z"}
{"level":"info","message":"Loading Mongoose functionality","timestamp":"2017-12-07T20:36:08.199Z"}
{"level":"info","message":"loading models","timestamp":"2017-12-07T20:36:08.300Z"}
{"level":"info","message":"loading controllers","timestamp":"2017-12-07T20:36:08.520Z"}
{"level":"info","message":"Starting application","timestamp":"2017-12-07T20:36:11.306Z"}
{"level":"info","message":"Mongoose connected to the database","timestamp":"2017-12-07T20:36:11.396Z"}
{"level":"verbose","message":"Get todos ","timestamp":"2017-12-07T20:36:30.168Z"}
{"level":"verbose","message":"Get todos ","timestamp":"2017-12-07T20:37:46.471Z"}
{"level":"verbose","message":"Get todos ","timestamp":"2017-12-07T20:39:25.056Z"}
{"level":"verbose","message":"Get todos ","timestamp":"2017-12-07T20:39:57.626Z"}
{"level":"verbose","message":"Get todos ","timestamp":"2017-12-07T20:40:12.703Z"}
{"level":"verbose","message":"Create User","timestamp":"2017-12-07T20:47:59.966Z"}
{"level":"verbose","message":"Get todos ","timestamp":"2017-12-07T20:48:06.812Z"}
