{"level":"info","message":"Loading Mongoose functionality","timestamp":"2017-12-06T01:10:22.962Z"}
{"level":"info","message":"loading models","timestamp":"2017-12-06T01:10:23.028Z"}
{"level":"info","message":"loading controllers","timestamp":"2017-12-06T01:10:23.143Z"}
{"level":"info","message":"Starting application","timestamp":"2017-12-06T01:10:25.076Z"}
{"level":"info","message":"Mongoose connected to the database","timestamp":"2017-12-06T01:10:25.169Z"}
{"level":"info","message":"Loading Mongoose functionality","timestamp":"2017-12-06T01:14:09.279Z"}
{"level":"info","message":"loading models","timestamp":"2017-12-06T01:14:09.334Z"}
{"level":"info","message":"loading controllers","timestamp":"2017-12-06T01:14:09.418Z"}
{"level":"info","message":"Starting application","timestamp":"2017-12-06T01:14:09.873Z"}
{"level":"info","message":"Loading Mongoose functionality","timestamp":"2017-12-06T01:15:16.483Z"}
{"level":"info","message":"loading models","timestamp":"2017-12-06T01:15:16.555Z"}
{"level":"info","message":"loading controllers","timestamp":"2017-12-06T01:15:16.645Z"}
{"level":"info","message":"Starting application","timestamp":"2017-12-06T01:15:17.190Z"}
{"level":"info","message":"Mongoose connected to the database","timestamp":"2017-12-06T01:15:17.284Z"}
{"level":"verbose","message":"Create User","timestamp":"2017-12-06T01:16:11.624Z"}
{"level":"error","message":"MongoError: E11000 duplicate key error collection: todos-dev.users index: email_1 dup key: { : \"p\" }\n    at Function.MongoError.create (c:\\Users\\Cody\\Fall 2017\\Bus Adm 531\\NODE APPS\\ToDo\\server\\node_modules\\mongodb-core\\lib\\error.js:31:11)\n    at toError (c:\\Users\\Cody\\Fall 2017\\Bus Adm 531\\NODE APPS\\ToDo\\server\\node_modules\\mongodb\\lib\\utils.js:139:22)\n    at c:\\Users\\Cody\\Fall 2017\\Bus Adm 531\\NODE APPS\\ToDo\\server\\node_modules\\mongodb\\lib\\collection.js:668:23\n    at handleCallback (c:\\Users\\Cody\\Fall 2017\\Bus Adm 531\\NODE APPS\\ToDo\\server\\node_modules\\mongodb\\lib\\utils.js:120:56)\n    at c:\\Users\\Cody\\Fall 2017\\Bus Adm 531\\NODE APPS\\ToDo\\server\\node_modules\\mongodb\\lib\\bulk\\unordered.js:465:9\n    at handleCallback (c:\\Users\\Cody\\Fall 2017\\Bus Adm 531\\NODE APPS\\ToDo\\server\\node_modules\\mongodb\\lib\\utils.js:120:56)\n    at resultHandler (c:\\Users\\Cody\\Fall 2017\\Bus Adm 531\\NODE APPS\\ToDo\\server\\node_modules\\mongodb\\lib\\bulk\\unordered.js:413:5)\n    at c:\\Users\\Cody\\Fall 2017\\Bus Adm 531\\NODE APPS\\ToDo\\server\\node_modules\\mongodb-core\\lib\\connection\\pool.js:469:18\n    at _combinedTickCallback (internal/process/next_tick.js:73:7)\n    at process._tickCallback (internal/process/next_tick.js:104:9)","timestamp":"2017-12-06T01:16:12.166Z"}
{"level":"verbose","message":"Create User","timestamp":"2017-12-06T01:17:25.336Z"}
{"level":"verbose","message":"Create User","timestamp":"2017-12-06T01:18:19.238Z"}
{"level":"error","message":"MongoError: E11000 duplicate key error collection: todos-dev.users index: email_1 dup key: { : \"a\" }\n    at Function.MongoError.create (c:\\Users\\Cody\\Fall 2017\\Bus Adm 531\\NODE APPS\\ToDo\\server\\node_modules\\mongodb-core\\lib\\error.js:31:11)\n    at toError (c:\\Users\\Cody\\Fall 2017\\Bus Adm 531\\NODE APPS\\ToDo\\server\\node_modules\\mongodb\\lib\\utils.js:139:22)\n    at c:\\Users\\Cody\\Fall 2017\\Bus Adm 531\\NODE APPS\\ToDo\\server\\node_modules\\mongodb\\lib\\collection.js:668:23\n    at handleCallback (c:\\Users\\Cody\\Fall 2017\\Bus Adm 531\\NODE APPS\\ToDo\\server\\node_modules\\mongodb\\lib\\utils.js:120:56)\n    at c:\\Users\\Cody\\Fall 2017\\Bus Adm 531\\NODE APPS\\ToDo\\server\\node_modules\\mongodb\\lib\\bulk\\unordered.js:465:9\n    at handleCallback (c:\\Users\\Cody\\Fall 2017\\Bus Adm 531\\NODE APPS\\ToDo\\server\\node_modules\\mongodb\\lib\\utils.js:120:56)\n    at resultHandler (c:\\Users\\Cody\\Fall 2017\\Bus Adm 531\\NODE APPS\\ToDo\\server\\node_modules\\mongodb\\lib\\bulk\\unordered.js:413:5)\n    at c:\\Users\\Cody\\Fall 2017\\Bus Adm 531\\NODE APPS\\ToDo\\server\\node_modules\\mongodb-core\\lib\\connection\\pool.js:469:18\n    at _combinedTickCallback (internal/process/next_tick.js:73:7)\n    at process._tickCallback (internal/process/next_tick.js:104:9)","timestamp":"2017-12-06T01:18:19.512Z"}
{"level":"info","message":"Loading Mongoose functionality","timestamp":"2017-12-06T01:21:10.824Z"}
{"level":"info","message":"loading models","timestamp":"2017-12-06T01:21:10.888Z"}
{"level":"info","message":"loading controllers","timestamp":"2017-12-06T01:21:10.967Z"}
{"level":"info","message":"Starting application","timestamp":"2017-12-06T01:21:11.456Z"}
{"level":"info","message":"Mongoose connected to the database","timestamp":"2017-12-06T01:21:11.547Z"}
{"level":"verbose","message":"Create User","timestamp":"2017-12-06T01:28:19.317Z"}
{"level":"info","message":"Loading Mongoose functionality","timestamp":"2017-12-06T23:08:03.470Z"}
{"level":"info","message":"loading models","timestamp":"2017-12-06T23:08:03.579Z"}
{"level":"info","message":"loading controllers","timestamp":"2017-12-06T23:08:04.077Z"}
{"level":"info","message":"Starting application","timestamp":"2017-12-06T23:08:07.933Z"}
{"level":"info","message":"Mongoose connected to the database","timestamp":"2017-12-06T23:08:08.180Z"}
{"level":"verbose","message":"Create User","timestamp":"2017-12-06T23:33:30.559Z"}
{"level":"error","message":"MongoError: E11000 duplicate key error collection: todos-dev.users index: email_1 dup key: { : \"t\" }\n    at Function.MongoError.create (C:\\Users\\Cody\\Fall 2017\\Bus Adm 531\\NODE APPS\\ToDo\\server\\node_modules\\mongodb-core\\lib\\error.js:31:11)\n    at toError (C:\\Users\\Cody\\Fall 2017\\Bus Adm 531\\NODE APPS\\ToDo\\server\\node_modules\\mongodb\\lib\\utils.js:139:22)\n    at C:\\Users\\Cody\\Fall 2017\\Bus Adm 531\\NODE APPS\\ToDo\\server\\node_modules\\mongodb\\lib\\collection.js:668:23\n    at handleCallback (C:\\Users\\Cody\\Fall 2017\\Bus Adm 531\\NODE APPS\\ToDo\\server\\node_modules\\mongodb\\lib\\utils.js:120:56)\n    at C:\\Users\\Cody\\Fall 2017\\Bus Adm 531\\NODE APPS\\ToDo\\server\\node_modules\\mongodb\\lib\\bulk\\unordered.js:465:9\n    at handleCallback (C:\\Users\\Cody\\Fall 2017\\Bus Adm 531\\NODE APPS\\ToDo\\server\\node_modules\\mongodb\\lib\\utils.js:120:56)\n    at resultHandler (C:\\Users\\Cody\\Fall 2017\\Bus Adm 531\\NODE APPS\\ToDo\\server\\node_modules\\mongodb\\lib\\bulk\\unordered.js:413:5)\n    at C:\\Users\\Cody\\Fall 2017\\Bus Adm 531\\NODE APPS\\ToDo\\server\\node_modules\\mongodb-core\\lib\\connection\\pool.js:469:18\n    at _combinedTickCallback (internal/process/next_tick.js:73:7)\n    at process._tickCallback (internal/process/next_tick.js:104:9)","timestamp":"2017-12-06T23:33:31.132Z"}
