0 info it worked if it ends with ok
1 verbose cli [ 'C:\\Program Files\\nodejs\\node.exe',
1 verbose cli   'C:\\Program Files\\nodejs\\node_modules\\npm\\bin\\npm-cli.js',
1 verbose cli   'install',
1 verbose cli   'flatpickr',
1 verbose cli   '-',
1 verbose cli   's' ]
2 info using npm@3.10.10
3 info using node@v6.11.3
4 silly loadCurrentTree Starting
5 silly install loadCurrentTree
6 silly install readLocalPackageData
7 silly fetchPackageMetaData flatpickr
8 silly fetchPackageMetaData -
9 silly fetchPackageMetaData s
10 silly fetchNamedPackageData flatpickr
11 silly mapToRegistry name flatpickr
12 silly mapToRegistry using default registry
13 silly mapToRegistry registry https://registry.npmjs.org/
14 silly mapToRegistry data Result {
14 silly mapToRegistry   raw: 'flatpickr',
14 silly mapToRegistry   scope: null,
14 silly mapToRegistry   escapedName: 'flatpickr',
14 silly mapToRegistry   name: 'flatpickr',
14 silly mapToRegistry   rawSpec: '',
14 silly mapToRegistry   spec: 'latest',
14 silly mapToRegistry   type: 'tag' }
15 silly mapToRegistry uri https://registry.npmjs.org/flatpickr
16 silly fetchOtherPackageData -
17 silly cache add args [ '-', null ]
18 verbose cache add spec -
19 silly fetchNamedPackageData s
20 silly mapToRegistry name s
21 silly mapToRegistry using default registry
22 silly mapToRegistry registry https://registry.npmjs.org/
23 silly mapToRegistry data Result {
23 silly mapToRegistry   raw: 's',
23 silly mapToRegistry   scope: null,
23 silly mapToRegistry   escapedName: 's',
23 silly mapToRegistry   name: 's',
23 silly mapToRegistry   rawSpec: '',
23 silly mapToRegistry   spec: 'latest',
23 silly mapToRegistry   type: 'tag' }
24 silly mapToRegistry uri https://registry.npmjs.org/s
25 silly cache add parsed spec Result {
25 silly cache add   raw: '-',
25 silly cache add   scope: null,
25 silly cache add   escapedName: null,
25 silly cache add   name: null,
25 silly cache add   rawSpec: '-',
25 silly cache add   spec: 'c:\\Users\\Cody\\Fall 2017\\Bus Adm 531\\NODE APPS\\ToDo\\client\\aurelia_project\\aurelia_project\\-',
25 silly cache add   type: 'local' }
26 error addLocal Could not install c:\Users\Cody\Fall 2017\Bus Adm 531\NODE APPS\ToDo\client\aurelia_project\aurelia_project\-
27 silly fetchPackageMetaData Error: ENOENT: no such file or directory, open 'c:\Users\Cody\Fall 2017\Bus Adm 531\NODE APPS\ToDo\client\aurelia_project\aurelia_project\-'
27 silly fetchPackageMetaData     at Error (native)
27 silly fetchPackageMetaData  error for - { Error: ENOENT: no such file or directory, open 'c:\Users\Cody\Fall 2017\Bus Adm 531\NODE APPS\ToDo\client\aurelia_project\aurelia_project\-'
27 silly fetchPackageMetaData     at Error (native)
27 silly fetchPackageMetaData   errno: -4058,
27 silly fetchPackageMetaData   code: 'ENOENT',
27 silly fetchPackageMetaData   syscall: 'open',
27 silly fetchPackageMetaData   path: 'c:\\Users\\Cody\\Fall 2017\\Bus Adm 531\\NODE APPS\\ToDo\\client\\aurelia_project\\aurelia_project\\-' }
28 verbose request uri https://registry.npmjs.org/s
29 verbose request no auth needed
30 info attempt registry request try #1 at 6:03:29 PM
31 verbose request id 48b279203b05d598
32 http request GET https://registry.npmjs.org/s
33 verbose request uri https://registry.npmjs.org/flatpickr
34 verbose request no auth needed
35 info attempt registry request try #1 at 6:03:29 PM
36 verbose etag "5a2072e0-4cbaf"
37 verbose lastModified Thu, 30 Nov 2017 21:06:40 GMT
38 http request GET https://registry.npmjs.org/flatpickr
39 http 304 https://registry.npmjs.org/flatpickr
40 verbose headers { date: 'Thu, 07 Dec 2017 00:03:28 GMT',
40 verbose headers   via: '1.1 varnish',
40 verbose headers   'cache-control': 'max-age=300',
40 verbose headers   etag: '"5a2072e0-4cbaf"',
40 verbose headers   age: '0',
40 verbose headers   connection: 'keep-alive',
40 verbose headers   'x-served-by': 'cache-mdw17345-MDW',
40 verbose headers   'x-cache': 'HIT',
40 verbose headers   'x-cache-hits': '1',
40 verbose headers   'x-timer': 'S1512605008.276359,VS0,VE34',
40 verbose headers   vary: 'Accept-Encoding, Accept' }
41 silly get cb [ 304,
41 silly get   { date: 'Thu, 07 Dec 2017 00:03:28 GMT',
41 silly get     via: '1.1 varnish',
41 silly get     'cache-control': 'max-age=300',
41 silly get     etag: '"5a2072e0-4cbaf"',
41 silly get     age: '0',
41 silly get     connection: 'keep-alive',
41 silly get     'x-served-by': 'cache-mdw17345-MDW',
41 silly get     'x-cache': 'HIT',
41 silly get     'x-cache-hits': '1',
41 silly get     'x-timer': 'S1512605008.276359,VS0,VE34',
41 silly get     vary: 'Accept-Encoding, Accept' } ]
42 verbose etag https://registry.npmjs.org/flatpickr from cache
43 verbose get saving flatpickr to C:\Users\Cody\AppData\Roaming\npm-cache\registry.npmjs.org\flatpickr\.cache.json
44 verbose correctMkdir C:\Users\Cody\AppData\Roaming\npm-cache correctMkdir not in flight; initializing
45 http 200 https://registry.npmjs.org/s
46 verbose headers { 'content-type': 'application/json; charset=UTF-8',
46 verbose headers   server: 'UploadServer',
46 verbose headers   'cache-control': 'max-age=300',
46 verbose headers   'last-modified': 'Tue, 24 Oct 2017 3:55:29 GMT',
46 verbose headers   etag: '"59eeb9b1-669"',
46 verbose headers   'content-length': '1641',
46 verbose headers   'accept-ranges': 'bytes',
46 verbose headers   date: 'Thu, 07 Dec 2017 00:03:28 GMT',
46 verbose headers   via: '1.1 varnish',
46 verbose headers   age: '0',
46 verbose headers   connection: 'keep-alive',
46 verbose headers   'x-served-by': 'cache-mdw17326-MDW',
46 verbose headers   'x-cache': 'MISS',
46 verbose headers   'x-cache-hits': '0',
46 verbose headers   'x-timer': 'S1512605008.274149,VS0,VE77',
46 verbose headers   vary: 'Accept-Encoding, Accept' }
47 silly get cb [ 200,
47 silly get   { 'content-type': 'application/json; charset=UTF-8',
47 silly get     server: 'UploadServer',
47 silly get     'cache-control': 'max-age=300',
47 silly get     'last-modified': 'Tue, 24 Oct 2017 3:55:29 GMT',
47 silly get     etag: '"59eeb9b1-669"',
47 silly get     'content-length': '1641',
47 silly get     'accept-ranges': 'bytes',
47 silly get     date: 'Thu, 07 Dec 2017 00:03:28 GMT',
47 silly get     via: '1.1 varnish',
47 silly get     age: '0',
47 silly get     connection: 'keep-alive',
47 silly get     'x-served-by': 'cache-mdw17326-MDW',
47 silly get     'x-cache': 'MISS',
47 silly get     'x-cache-hits': '0',
47 silly get     'x-timer': 'S1512605008.274149,VS0,VE77',
47 silly get     vary: 'Accept-Encoding, Accept' } ]
48 verbose get saving s to C:\Users\Cody\AppData\Roaming\npm-cache\registry.npmjs.org\s\.cache.json
49 verbose correctMkdir C:\Users\Cody\AppData\Roaming\npm-cache correctMkdir not in flight; initializing
50 silly rollbackFailedOptional Starting
51 silly rollbackFailedOptional Finishing
52 silly runTopLevelLifecycles Finishing
53 silly install printInstalled
54 verbose stack Error: ENOENT: no such file or directory, open 'c:\Users\Cody\Fall 2017\Bus Adm 531\NODE APPS\ToDo\client\aurelia_project\aurelia_project\-'
54 verbose stack     at Error (native)
55 verbose cwd c:\Users\Cody\Fall 2017\Bus Adm 531\NODE APPS\ToDo\client\aurelia_project\aurelia_project
56 error Windows_NT 6.1.7601
57 error argv "C:\\Program Files\\nodejs\\node.exe" "C:\\Program Files\\nodejs\\node_modules\\npm\\bin\\npm-cli.js" "install" "flatpickr" "-" "s"
58 error node v6.11.3
59 error npm  v3.10.10
60 error path c:\Users\Cody\Fall 2017\Bus Adm 531\NODE APPS\ToDo\client\aurelia_project\aurelia_project\-
61 error code ENOENT
62 error errno -4058
63 error syscall open
64 error enoent ENOENT: no such file or directory, open 'c:\Users\Cody\Fall 2017\Bus Adm 531\NODE APPS\ToDo\client\aurelia_project\aurelia_project\-'
65 error enoent ENOENT: no such file or directory, open 'c:\Users\Cody\Fall 2017\Bus Adm 531\NODE APPS\ToDo\client\aurelia_project\aurelia_project\-'
65 error enoent This is most likely not a problem with npm itself
65 error enoent and is related to npm not being able to find a file.
66 verbose exit [ -4058, true ]
